<?xml version="1.0" encoding="UTF-8"?>
<!-- Generated by org.testng.reporters.JUnitReportReporter -->
<testsuite hostname="Yekaterinas-MacBook-Pro.local" failures="0" tests="2" name="com.herokuapp.theinternet.ExceptionsTests" time="53.495" errors="0" timestamp="2024-08-15T16:50:49 EDT" skipped="0">
  <testcase classname="com.herokuapp.theinternet.ExceptionsTests" name="elementNotInteractableException" time="40.187"/>
  <testcase classname="com.herokuapp.theinternet.ExceptionsTests" name="noSuchElementExceptionTest" time="13.308"/>
</testsuite> <!-- com.herokuapp.theinternet.ExceptionsTests -->
