<?xml version="1.0" encoding="UTF-8"?>
<!-- Generated by org.testng.reporters.JUnitReportReporter -->
<testsuite hostname="Yekaterinas-MacBook-Pro.local" failures="0" tests="2" name="com.herokuapp.theinternet.NegativeTests" time="5.050" errors="0" timestamp="2024-08-07T14:32:00 EDT" skipped="0">
  <testcase classname="com.herokuapp.theinternet.NegativeTests" name="incorrectUsernameTest" time="3.388"/>
  <testcase classname="com.herokuapp.theinternet.NegativeTests" name="incorrectPasswordTest" time="1.662"/>
</testsuite> <!-- com.herokuapp.theinternet.NegativeTests -->
